Using pre-set license
Built from '2020.3/china_unity/release' branch; Version is '2020.3.15f2c1 (b25d0e34ed8a) revision 11689230'; Using compiler version '192528614'; Build Type 'Release'
OS: 'Windows 10 Home China; OS build 19042.1165; Version 2009; 64bit' Language: 'zh' Physical Memory: 32116 MB
BatchMode: 1, IsHumanControllingUs: 0, StartBugReporterOnCrash: 0, Is64bit: 1, IsPro: 0

 COMMAND LINE ARGUMENTS:
E:\unity\2020.3.15f2c1\Editor\Unity.exe
-adb2
-batchMode
-noUpm
-name
AssetImportWorker0
-projectPath
E:/unity/projects/明日方舟
-logFile
Logs/AssetImportWorker0.log
-srvPort
57477
Successfully changed project path to: E:/unity/projects/明日方舟
E:/unity/projects/明日方舟
Using Asset Import Pipeline V2.
Refreshing native plugins compatible for Editor in 60.71 ms, found 2 plugins.
Preloading 0 native plugins for Editor in 0.00 ms.
Initialize engine version: 2020.3.15f2c1 (b25d0e34ed8a)
[Subsystems] Discovering subsystems at path E:/unity/2020.3.15f2c1/Editor/Data/Resources/UnitySubsystems
[Subsystems] Discovering subsystems at path E:/unity/projects/明日方舟/Assets
GfxDevice: creating device client; threaded=0
Direct3D:
    Version:  Direct3D 11.0 [level 11.1]
    Renderer: NVIDIA GeForce RTX 3070 Laptop GPU (ID=0x249d)
    Vendor:   
    VRAM:     8044 MB
    Driver:   27.21.14.6280
Initialize mono
Mono path[0] = 'E:/unity/2020.3.15f2c1/Editor/Data/Managed'
Mono path[1] = 'E:/unity/2020.3.15f2c1/Editor/Data/MonoBleedingEdge/lib/mono/unityjit'
Mono config path = 'E:/unity/2020.3.15f2c1/Editor/Data/MonoBleedingEdge/etc'
Using monoOptions --debugger-agent=transport=dt_socket,embedding=1,server=y,suspend=n,address=127.0.0.1:56768
Begin MonoManager ReloadAssembly
Registering precompiled unity dll's ...
Register platform support module: E:/unity/2020.3.15f2c1/Editor/Data/PlaybackEngines/MacStandaloneSupport/UnityEditor.OSXStandalone.Extensions.dll
Register platform support module: E:/unity/2020.3.15f2c1/Editor/Data/PlaybackEngines/WindowsStandaloneSupport/UnityEditor.WindowsStandalone.Extensions.dll
Registered in 0.001388 seconds.
Native extension for WindowsStandalone target not found
Native extension for OSXStandalone target not found
Refreshing native plugins compatible for Editor in 62.42 ms, found 2 plugins.
Preloading 0 native plugins for Editor in 0.00 ms.
Mono: successfully reloaded assembly
- Completed reload, in  1.016 seconds
Domain Reload Profiling:
	ReloadAssembly (1016ms)
		BeginReloadAssembly (37ms)
			ExecutionOrderSort (0ms)
			DisableScriptedObjects (0ms)
			BackupInstance (0ms)
			ReleaseScriptingObjects (0ms)
			CreateAndSetChildDomain (1ms)
		EndReloadAssembly (338ms)
			LoadAssemblies (37ms)
			RebuildTransferFunctionScriptingTraits (0ms)
			SetupTypeCache (101ms)
			ReleaseScriptCaches (0ms)
			RebuildScriptCaches (21ms)
			SetupLoadedEditorAssemblies (161ms)
				LogAssemblyErrors (0ms)
				InitializePlatformSupportModulesInManaged (3ms)
				SetLoadedEditorAssemblies (0ms)
				RefreshPlugins (63ms)
				BeforeProcessingInitializeOnLoad (8ms)
				ProcessInitializeOnLoadAttributes (61ms)
				ProcessInitializeOnLoadMethodAttributes (25ms)
				AfterProcessingInitializeOnLoad (0ms)
				EditorAssembliesLoaded (0ms)
			ExecutionOrderSort2 (0ms)
			AwakeInstancesAfterBackupRestoration (0ms)
Platform modules already initialized, skipping
Registering precompiled user dll's ...
Registered in 0.003260 seconds.
Begin MonoManager ReloadAssembly
Native extension for WindowsStandalone target not found
Native extension for OSXStandalone target not found
Refreshing native plugins compatible for Editor in 0.91 ms, found 2 plugins.
Preloading 0 native plugins for Editor in 0.00 ms.
Mono: successfully reloaded assembly
- Completed reload, in  0.949 seconds
Domain Reload Profiling:
	ReloadAssembly (950ms)
		BeginReloadAssembly (100ms)
			ExecutionOrderSort (0ms)
			DisableScriptedObjects (3ms)
			BackupInstance (0ms)
			ReleaseScriptingObjects (0ms)
			CreateAndSetChildDomain (16ms)
		EndReloadAssembly (807ms)
			LoadAssemblies (63ms)
			RebuildTransferFunctionScriptingTraits (0ms)
			SetupTypeCache (202ms)
			ReleaseScriptCaches (0ms)
			RebuildScriptCaches (32ms)
			SetupLoadedEditorAssemblies (444ms)
				LogAssemblyErrors (0ms)
				InitializePlatformSupportModulesInManaged (4ms)
				SetLoadedEditorAssemblies (0ms)
				RefreshPlugins (1ms)
				BeforeProcessingInitializeOnLoad (73ms)
				ProcessInitializeOnLoadAttributes (356ms)
				ProcessInitializeOnLoadMethodAttributes (8ms)
				AfterProcessingInitializeOnLoad (2ms)
				EditorAssembliesLoaded (0ms)
			ExecutionOrderSort2 (0ms)
			AwakeInstancesAfterBackupRestoration (5ms)
Platform modules already initialized, skipping
========================================================================
Worker process is ready to serve import requests
Launched and connected shader compiler UnityShaderCompiler.exe after 0.06 seconds
Refreshing native plugins compatible for Editor in 0.90 ms, found 2 plugins.
Preloading 0 native plugins for Editor in 0.00 ms.
Unloading 1618 Unused Serialized files (Serialized files now loaded: 0)
System memory in use before: 157.0 MB.
System memory in use after: 157.1 MB.

Unloading 22 unused Assets to reduce memory usage. Loaded Objects now: 2073.
Total: 2.564800 ms (FindLiveObjects: 0.144600 ms CreateObjectMapping: 0.046000 ms MarkObjects: 2.315600 ms  DeleteObjects: 0.057700 ms)

AssetImportParameters requested are different than current active one (requested -> active):
  custom:framework-win-MediaFoundation: 216162199b28c13a410421893ffa2e32 -> 
  custom:video-decoder-ogg-theora: a1e56fd34408186e4bbccfd4996cb3dc -> 
  custom:container-muxer-webm: aa71ff27fc2769a1b78a27578f13a17b -> 
  custom:container-demuxer-webm: 4f35f7cbe854078d1ac9338744f61a02 -> 
  custom:container-demuxer-ogg: 62fdf1f143b41e24485cea50d1cbac27 -> 
  custom:video-encoder-webm-vp8: eb34c28f22e8b96e1ab97ce403110664 -> 
  custom:video-codec-MediaFoundation-h265: 746d11721c4dcdbdad8f713fa42b33f4 -> 
  custom:video-decoder-webm-vp8: 9c59270c3fd7afecdb556c50c9e8de78 -> 
  custom:audio-decoder-ogg-vorbis: bf7c407c2cedff20999df2af8eb42d56 -> 
  custom:audio-encoder-webm-vorbis: bf7c407c2cedff20999df2af8eb42d56 -> 
========================================================================
Received Import Request.
  path: Assets/场景/场景初始化/initManager.prefab
  artifactKey: Guid(3652adf5d8c6e9741ac4addef657d21f) Importer(815301076,1909f56bfc062723c751e8b465ee728b)
Start importing Assets/场景/场景初始化/initManager.prefab using Guid(3652adf5d8c6e9741ac4addef657d21f) Importer(815301076,1909f56bfc062723c751e8b465ee728b)  -> (artifact id: '6296605f85c5a6086b7b6f8f721a42c2') in 0.047068 seconds 
  Import took 0.049682 seconds .

========================================================================
Received Import Request.
  Time since last request: 0.000258 seconds.
  path: Assets/场景/场景初始化/Main Camera.prefab
  artifactKey: Guid(721f0a5d47f6ad74bb6f6cbc10f78db8) Importer(815301076,1909f56bfc062723c751e8b465ee728b)
Start importing Assets/场景/场景初始化/Main Camera.prefab using Guid(721f0a5d47f6ad74bb6f6cbc10f78db8) Importer(815301076,1909f56bfc062723c751e8b465ee728b)  -> (artifact id: '0e4551e7d206d39a2fb3efd4b1265758') in 0.003372 seconds 
  Import took 0.008096 seconds .

========================================================================
Received Prepare
Refreshing native plugins compatible for Editor in 3.00 ms, found 2 plugins.
Preloading 0 native plugins for Editor in 0.00 ms.
Unloading 11 Unused Serialized files (Serialized files now loaded: 0)
System memory in use before: 124.2 MB.
System memory in use after: 124.3 MB.

Unloading 11 unused Assets to reduce memory usage. Loaded Objects now: 2073.
Total: 2.651600 ms (FindLiveObjects: 0.167100 ms CreateObjectMapping: 0.039900 ms MarkObjects: 2.430800 ms  DeleteObjects: 0.013100 ms)

AssetImportParameters requested are different than current active one (requested -> active):
  custom:framework-win-MediaFoundation: 216162199b28c13a410421893ffa2e32 -> 
  custom:video-decoder-ogg-theora: a1e56fd34408186e4bbccfd4996cb3dc -> 
  custom:container-muxer-webm: aa71ff27fc2769a1b78a27578f13a17b -> 
  custom:container-demuxer-webm: 4f35f7cbe854078d1ac9338744f61a02 -> 
  custom:container-demuxer-ogg: 62fdf1f143b41e24485cea50d1cbac27 -> 
  custom:video-encoder-webm-vp8: eb34c28f22e8b96e1ab97ce403110664 -> 
  custom:video-codec-MediaFoundation-h265: 746d11721c4dcdbdad8f713fa42b33f4 -> 
  custom:video-decoder-webm-vp8: 9c59270c3fd7afecdb556c50c9e8de78 -> 
  custom:audio-decoder-ogg-vorbis: bf7c407c2cedff20999df2af8eb42d56 -> 
  custom:audio-encoder-webm-vorbis: bf7c407c2cedff20999df2af8eb42d56 -> 
========================================================================
Received Import Request.
  Time since last request: 31.378562 seconds.
  path: Assets/场景/关卡/0-1/0-1.unity
  artifactKey: Guid(2d57abe3b13c11d4bb49bf45ac2966e2) Importer(815301076,1909f56bfc062723c751e8b465ee728b)
Start importing Assets/场景/关卡/0-1/0-1.unity using Guid(2d57abe3b13c11d4bb49bf45ac2966e2) Importer(815301076,1909f56bfc062723c751e8b465ee728b)  -> (artifact id: '4ea535d087e09020f300dd664053e96d') in 0.004399 seconds 
  Import took 0.009664 seconds .

========================================================================
Received Import Request.
  Time since last request: 2.756595 seconds.
  path: Assets/场景/关卡/最早教程/director_1.cs
  artifactKey: Guid(a322479f61f213d4d95f536a1ffd1ffa) Importer(815301076,1909f56bfc062723c751e8b465ee728b)
Start importing Assets/场景/关卡/最早教程/director_1.cs using Guid(a322479f61f213d4d95f536a1ffd1ffa) Importer(815301076,1909f56bfc062723c751e8b465ee728b)  -> (artifact id: 'bd5afbbec7b78b8dd40a39839576dcfd') in 0.004672 seconds 
  Import took 0.007229 seconds .

========================================================================
Received Import Request.
  Time since last request: 0.002354 seconds.
  path: Assets/场景/关卡/最早教程/director_1.cs
  artifactKey: Guid(a322479f61f213d4d95f536a1ffd1ffa) Importer(815301076,1909f56bfc062723c751e8b465ee728b)
Start importing Assets/场景/关卡/最早教程/director_1.cs using Guid(a322479f61f213d4d95f536a1ffd1ffa) Importer(815301076,1909f56bfc062723c751e8b465ee728b)  -> (artifact id: 'bd5afbbec7b78b8dd40a39839576dcfd') in 0.001627 seconds 
  Import took 0.003968 seconds .

========================================================================
Received Import Request.
  Time since last request: 0.285768 seconds.
  path: Assets/场景/关卡/最早教程/最早教程场景.unity
  artifactKey: Guid(b4b53b5dd2f55f54182e38868cacb41f) Importer(815301076,1909f56bfc062723c751e8b465ee728b)
Start importing Assets/场景/关卡/最早教程/最早教程场景.unity using Guid(b4b53b5dd2f55f54182e38868cacb41f) Importer(815301076,1909f56bfc062723c751e8b465ee728b)  -> (artifact id: '5b4a326e84ff3b6fac0781b7ca4d43dd') in 0.002478 seconds 
  Import took 0.005165 seconds .

========================================================================
Received Prepare
Registering precompiled user dll's ...
Registered in 0.003280 seconds.
Begin MonoManager ReloadAssembly
Native extension for WindowsStandalone target not found
Native extension for OSXStandalone target not found
Refreshing native plugins compatible for Editor in 0.91 ms, found 2 plugins.
Preloading 0 native plugins for Editor in 0.00 ms.
Mono: successfully reloaded assembly
- Completed reload, in  0.905 seconds
Domain Reload Profiling:
	ReloadAssembly (906ms)
		BeginReloadAssembly (92ms)
			ExecutionOrderSort (0ms)
			DisableScriptedObjects (4ms)
			BackupInstance (0ms)
			ReleaseScriptingObjects (0ms)
			CreateAndSetChildDomain (27ms)
		EndReloadAssembly (773ms)
			LoadAssemblies (59ms)
			RebuildTransferFunctionScriptingTraits (0ms)
			SetupTypeCache (191ms)
			ReleaseScriptCaches (1ms)
			RebuildScriptCaches (29ms)
			SetupLoadedEditorAssemblies (431ms)
				LogAssemblyErrors (0ms)
				InitializePlatformSupportModulesInManaged (4ms)
				SetLoadedEditorAssemblies (0ms)
				RefreshPlugins (1ms)
				BeforeProcessingInitializeOnLoad (65ms)
				ProcessInitializeOnLoadAttributes (353ms)
				ProcessInitializeOnLoadMethodAttributes (5ms)
				AfterProcessingInitializeOnLoad (2ms)
				EditorAssembliesLoaded (0ms)
			ExecutionOrderSort2 (0ms)
			AwakeInstancesAfterBackupRestoration (5ms)
Platform modules already initialized, skipping
Refreshing native plugins compatible for Editor in 1.00 ms, found 2 plugins.
Preloading 0 native plugins for Editor in 0.00 ms.
Unloading 1599 Unused Serialized files (Serialized files now loaded: 0)
System memory in use before: 155.6 MB.
System memory in use after: 155.7 MB.

Unloading 13 unused Assets to reduce memory usage. Loaded Objects now: 2076.
Total: 2.772500 ms (FindLiveObjects: 0.178000 ms CreateObjectMapping: 0.065700 ms MarkObjects: 2.510800 ms  DeleteObjects: 0.017100 ms)

AssetImportParameters requested are different than current active one (requested -> active):
  custom:framework-win-MediaFoundation: 216162199b28c13a410421893ffa2e32 -> 
  custom:video-decoder-ogg-theora: a1e56fd34408186e4bbccfd4996cb3dc -> 
  custom:container-muxer-webm: aa71ff27fc2769a1b78a27578f13a17b -> 
  custom:container-demuxer-webm: 4f35f7cbe854078d1ac9338744f61a02 -> 
  custom:container-demuxer-ogg: 62fdf1f143b41e24485cea50d1cbac27 -> 
  custom:video-encoder-webm-vp8: eb34c28f22e8b96e1ab97ce403110664 -> 
  custom:video-codec-MediaFoundation-h265: 746d11721c4dcdbdad8f713fa42b33f4 -> 
  custom:video-decoder-webm-vp8: 9c59270c3fd7afecdb556c50c9e8de78 -> 
  custom:audio-decoder-ogg-vorbis: bf7c407c2cedff20999df2af8eb42d56 -> 
  custom:audio-encoder-webm-vorbis: bf7c407c2cedff20999df2af8eb42d56 -> 
========================================================================
Received Prepare
Refreshing native plugins compatible for Editor in 2.94 ms, found 2 plugins.
Preloading 0 native plugins for Editor in 0.00 ms.
Unloading 11 Unused Serialized files (Serialized files now loaded: 0)
System memory in use before: 124.2 MB.
System memory in use after: 124.3 MB.

Unloading 11 unused Assets to reduce memory usage. Loaded Objects now: 2076.
Total: 2.872400 ms (FindLiveObjects: 0.160400 ms CreateObjectMapping: 0.077900 ms MarkObjects: 2.621000 ms  DeleteObjects: 0.012200 ms)

AssetImportParameters requested are different than current active one (requested -> active):
  custom:framework-win-MediaFoundation: 216162199b28c13a410421893ffa2e32 -> 
  custom:video-decoder-ogg-theora: a1e56fd34408186e4bbccfd4996cb3dc -> 
  custom:container-muxer-webm: aa71ff27fc2769a1b78a27578f13a17b -> 
  custom:container-demuxer-webm: 4f35f7cbe854078d1ac9338744f61a02 -> 
  custom:container-demuxer-ogg: 62fdf1f143b41e24485cea50d1cbac27 -> 
  custom:video-encoder-webm-vp8: eb34c28f22e8b96e1ab97ce403110664 -> 
  custom:video-codec-MediaFoundation-h265: 746d11721c4dcdbdad8f713fa42b33f4 -> 
  custom:video-decoder-webm-vp8: 9c59270c3fd7afecdb556c50c9e8de78 -> 
  custom:audio-decoder-ogg-vorbis: bf7c407c2cedff20999df2af8eb42d56 -> 
  custom:audio-encoder-webm-vorbis: bf7c407c2cedff20999df2af8eb42d56 -> 
========================================================================
Received Import Request.
  Time since last request: 5942.165393 seconds.
  path: Assets/干员模型/a普通干员
  artifactKey: Guid(5e2115ddadd41ac48b6742628931e951) Importer(815301076,1909f56bfc062723c751e8b465ee728b)
Start importing Assets/干员模型/a普通干员 using Guid(5e2115ddadd41ac48b6742628931e951) Importer(815301076,1909f56bfc062723c751e8b465ee728b)  -> (artifact id: 'dbf89ba3534249a8499a06ca2f5b76c4') in 0.003893 seconds 
  Import took 0.009841 seconds .

========================================================================
Received Import Request.
  Time since last request: 0.003895 seconds.
  path: Assets/干员模型/a普通干员
  artifactKey: Guid(5e2115ddadd41ac48b6742628931e951) Importer(815301076,1909f56bfc062723c751e8b465ee728b)
Start importing Assets/干员模型/a普通干员 using Guid(5e2115ddadd41ac48b6742628931e951) Importer(815301076,1909f56bfc062723c751e8b465ee728b)  -> (artifact id: 'dbf89ba3534249a8499a06ca2f5b76c4') in 0.001824 seconds 
  Import took 0.004353 seconds .

========================================================================
Received Import Request.
  Time since last request: 10821.422371 seconds.
  path: Assets/场景/ss场景
  artifactKey: Guid(fc75e1ef51f77a247b9b38ae14ee3002) Importer(815301076,1909f56bfc062723c751e8b465ee728b)
Start importing Assets/场景/ss场景 using Guid(fc75e1ef51f77a247b9b38ae14ee3002) Importer(815301076,1909f56bfc062723c751e8b465ee728b)  -> (artifact id: '5a8aaf288b38b4c760f6cf6f294ea706') in 0.005822 seconds 
  Import took 0.024102 seconds .

========================================================================
Received Import Request.
  Time since last request: 5.960120 seconds.
  path: Assets/场景/ss场景/测试场景
  artifactKey: Guid(a9142087ed52d744791b30ff4b9e4fdb) Importer(815301076,1909f56bfc062723c751e8b465ee728b)
Start importing Assets/场景/ss场景/测试场景 using Guid(a9142087ed52d744791b30ff4b9e4fdb) Importer(815301076,1909f56bfc062723c751e8b465ee728b)  -> (artifact id: 'e61656367bda72d14118b6797f7ba137') in 0.002014 seconds 
  Import took 0.005132 seconds .

========================================================================
Received Import Request.
  Time since last request: 0.004451 seconds.
  path: Assets/场景/ss场景/测试场景
  artifactKey: Guid(a9142087ed52d744791b30ff4b9e4fdb) Importer(815301076,1909f56bfc062723c751e8b465ee728b)
Start importing Assets/场景/ss场景/测试场景 using Guid(a9142087ed52d744791b30ff4b9e4fdb) Importer(815301076,1909f56bfc062723c751e8b465ee728b)  -> (artifact id: 'e61656367bda72d14118b6797f7ba137') in 0.001845 seconds 
  Import took 0.004476 seconds .

========================================================================
Received Import Request.
  Time since last request: 12.481151 seconds.
  path: Assets/场景/关卡/0-1/0-1 1.unity
  artifactKey: Guid(6ee4907021acd424c845adbb2ec00a06) Importer(815301076,1909f56bfc062723c751e8b465ee728b)
Start importing Assets/场景/关卡/0-1/0-1 1.unity using Guid(6ee4907021acd424c845adbb2ec00a06) Importer(815301076,1909f56bfc062723c751e8b465ee728b)  -> (artifact id: 'bdcdcdfebb0d3f012a78f31be9ef33a8') in 0.076278 seconds 
  Import took 0.079764 seconds .

========================================================================
Received Import Request.
  Time since last request: 7.451322 seconds.
  path: Assets/场景/ss场景/测试场景/1.unity
  artifactKey: Guid(6ee4907021acd424c845adbb2ec00a06) Importer(815301076,1909f56bfc062723c751e8b465ee728b)
Start importing Assets/场景/ss场景/测试场景/1.unity using Guid(6ee4907021acd424c845adbb2ec00a06) Importer(815301076,1909f56bfc062723c751e8b465ee728b)  -> (artifact id: 'abedb62036fed8a85de660035bd8bf48') in 0.002366 seconds 
  Import took 0.005412 seconds .

========================================================================
Received Import Request.
  Time since last request: 433.937754 seconds.
  path: Assets/脚本/场景/initManager.cs
  artifactKey: Guid(7cd152d730c194f42affb2e0710c52d9) Importer(815301076,1909f56bfc062723c751e8b465ee728b)
Start importing Assets/脚本/场景/initManager.cs using Guid(7cd152d730c194f42affb2e0710c52d9) Importer(815301076,1909f56bfc062723c751e8b465ee728b)  -> (artifact id: '8b3e926a3db2989307f1c6facb72bb9e') in 0.002190 seconds 
  Import took 0.005144 seconds .

========================================================================
Received Import Request.
  Time since last request: 0.000579 seconds.
  path: Assets/脚本/场景/initManager.cs
  artifactKey: Guid(7cd152d730c194f42affb2e0710c52d9) Importer(815301076,1909f56bfc062723c751e8b465ee728b)
Start importing Assets/脚本/场景/initManager.cs using Guid(7cd152d730c194f42affb2e0710c52d9) Importer(815301076,1909f56bfc062723c751e8b465ee728b)  -> (artifact id: '8b3e926a3db2989307f1c6facb72bb9e') in 0.001662 seconds 
  Import took 0.004234 seconds .

========================================================================
Received Prepare
Registering precompiled user dll's ...
Registered in 0.004573 seconds.
Begin MonoManager ReloadAssembly
Native extension for WindowsStandalone target not found
Native extension for OSXStandalone target not found
Refreshing native plugins compatible for Editor in 0.92 ms, found 2 plugins.
Preloading 0 native plugins for Editor in 0.00 ms.
Mono: successfully reloaded assembly
- Completed reload, in  0.995 seconds
Domain Reload Profiling:
	ReloadAssembly (996ms)
		BeginReloadAssembly (164ms)
			ExecutionOrderSort (0ms)
			DisableScriptedObjects (10ms)
			BackupInstance (0ms)
			ReleaseScriptingObjects (0ms)
			CreateAndSetChildDomain (77ms)
		EndReloadAssembly (783ms)
			LoadAssemblies (79ms)
			RebuildTransferFunctionScriptingTraits (0ms)
			SetupTypeCache (197ms)
			ReleaseScriptCaches (1ms)
			RebuildScriptCaches (26ms)
			SetupLoadedEditorAssemblies (415ms)
				LogAssemblyErrors (0ms)
				InitializePlatformSupportModulesInManaged (5ms)
				SetLoadedEditorAssemblies (0ms)
				RefreshPlugins (1ms)
				BeforeProcessingInitializeOnLoad (70ms)
				ProcessInitializeOnLoadAttributes (330ms)
				ProcessInitializeOnLoadMethodAttributes (6ms)
				AfterProcessingInitializeOnLoad (2ms)
				EditorAssembliesLoaded (0ms)
			ExecutionOrderSort2 (0ms)
			AwakeInstancesAfterBackupRestoration (5ms)
Platform modules already initialized, skipping
Refreshing native plugins compatible for Editor in 0.95 ms, found 2 plugins.
Preloading 0 native plugins for Editor in 0.00 ms.
Unloading 1599 Unused Serialized files (Serialized files now loaded: 0)
System memory in use before: 155.7 MB.
System memory in use after: 155.8 MB.

Unloading 13 unused Assets to reduce memory usage. Loaded Objects now: 2079.
Total: 3.082600 ms (FindLiveObjects: 0.244000 ms CreateObjectMapping: 0.059000 ms MarkObjects: 2.759900 ms  DeleteObjects: 0.018700 ms)

AssetImportParameters requested are different than current active one (requested -> active):
  custom:framework-win-MediaFoundation: 216162199b28c13a410421893ffa2e32 -> 
  custom:video-decoder-ogg-theora: a1e56fd34408186e4bbccfd4996cb3dc -> 
  custom:container-muxer-webm: aa71ff27fc2769a1b78a27578f13a17b -> 
  custom:container-demuxer-webm: 4f35f7cbe854078d1ac9338744f61a02 -> 
  custom:container-demuxer-ogg: 62fdf1f143b41e24485cea50d1cbac27 -> 
  custom:video-encoder-webm-vp8: eb34c28f22e8b96e1ab97ce403110664 -> 
  custom:video-codec-MediaFoundation-h265: 746d11721c4dcdbdad8f713fa42b33f4 -> 
  custom:video-decoder-webm-vp8: 9c59270c3fd7afecdb556c50c9e8de78 -> 
  custom:audio-decoder-ogg-vorbis: bf7c407c2cedff20999df2af8eb42d56 -> 
  custom:audio-encoder-webm-vorbis: bf7c407c2cedff20999df2af8eb42d56 -> 
========================================================================
Received Import Request.
  Time since last request: 62.464271 seconds.
  path: Assets/脚本/场景/initManager.cs
  artifactKey: Guid(7cd152d730c194f42affb2e0710c52d9) Importer(815301076,1909f56bfc062723c751e8b465ee728b)
Start importing Assets/脚本/场景/initManager.cs using Guid(7cd152d730c194f42affb2e0710c52d9) Importer(815301076,1909f56bfc062723c751e8b465ee728b)  -> (artifact id: 'e2dc54ba21ac2723b0f6ce52694d3930') in 0.004472 seconds 
  Import took 0.007573 seconds .

========================================================================
Received Prepare
Registering precompiled user dll's ...
Registered in 0.002777 seconds.
Begin MonoManager ReloadAssembly
Native extension for WindowsStandalone target not found
Native extension for OSXStandalone target not found
Refreshing native plugins compatible for Editor in 0.92 ms, found 2 plugins.
Preloading 0 native plugins for Editor in 0.00 ms.
Mono: successfully reloaded assembly
- Completed reload, in  0.876 seconds
Domain Reload Profiling:
	ReloadAssembly (876ms)
		BeginReloadAssembly (83ms)
			ExecutionOrderSort (0ms)
			DisableScriptedObjects (4ms)
			BackupInstance (0ms)
			ReleaseScriptingObjects (0ms)
			CreateAndSetChildDomain (26ms)
		EndReloadAssembly (754ms)
			LoadAssemblies (60ms)
			RebuildTransferFunctionScriptingTraits (0ms)
			SetupTypeCache (184ms)
			ReleaseScriptCaches (1ms)
			RebuildScriptCaches (29ms)
			SetupLoadedEditorAssemblies (411ms)
				LogAssemblyErrors (0ms)
				InitializePlatformSupportModulesInManaged (4ms)
				SetLoadedEditorAssemblies (0ms)
				RefreshPlugins (1ms)
				BeforeProcessingInitializeOnLoad (65ms)
				ProcessInitializeOnLoadAttributes (334ms)
				ProcessInitializeOnLoadMethodAttributes (5ms)
				AfterProcessingInitializeOnLoad (2ms)
				EditorAssembliesLoaded (0ms)
			ExecutionOrderSort2 (0ms)
			AwakeInstancesAfterBackupRestoration (5ms)
Platform modules already initialized, skipping
Refreshing native plugins compatible for Editor in 0.93 ms, found 2 plugins.
Preloading 0 native plugins for Editor in 0.00 ms.
Unloading 1599 Unused Serialized files (Serialized files now loaded: 0)
System memory in use before: 155.7 MB.
System memory in use after: 155.8 MB.

Unloading 13 unused Assets to reduce memory usage. Loaded Objects now: 2082.
Total: 2.626800 ms (FindLiveObjects: 0.159000 ms CreateObjectMapping: 0.049600 ms MarkObjects: 2.402600 ms  DeleteObjects: 0.014900 ms)

AssetImportParameters requested are different than current active one (requested -> active):
  custom:framework-win-MediaFoundation: 216162199b28c13a410421893ffa2e32 -> 
  custom:video-decoder-ogg-theora: a1e56fd34408186e4bbccfd4996cb3dc -> 
  custom:container-muxer-webm: aa71ff27fc2769a1b78a27578f13a17b -> 
  custom:container-demuxer-webm: 4f35f7cbe854078d1ac9338744f61a02 -> 
  custom:container-demuxer-ogg: 62fdf1f143b41e24485cea50d1cbac27 -> 
  custom:video-encoder-webm-vp8: eb34c28f22e8b96e1ab97ce403110664 -> 
  custom:video-codec-MediaFoundation-h265: 746d11721c4dcdbdad8f713fa42b33f4 -> 
  custom:video-decoder-webm-vp8: 9c59270c3fd7afecdb556c50c9e8de78 -> 
  custom:audio-decoder-ogg-vorbis: bf7c407c2cedff20999df2af8eb42d56 -> 
  custom:audio-encoder-webm-vorbis: bf7c407c2cedff20999df2af8eb42d56 -> 
========================================================================
Received Import Request.
  Time since last request: 354.764078 seconds.
  path: Assets/干员模型/a原版干员
  artifactKey: Guid(5e2115ddadd41ac48b6742628931e951) Importer(815301076,1909f56bfc062723c751e8b465ee728b)
Start importing Assets/干员模型/a原版干员 using Guid(5e2115ddadd41ac48b6742628931e951) Importer(815301076,1909f56bfc062723c751e8b465ee728b)  -> (artifact id: '1b65d1619fd198fbcdc196b1687f3ae7') in 0.005030 seconds 
  Import took 0.009166 seconds .

========================================================================
Received Import Request.
  Time since last request: 4.403839 seconds.
  path: Assets/干员模型/克洛斯/克洛斯 1.prefab
  artifactKey: Guid(d340b883d70df1949bc0d4ae06b4dd5c) Importer(815301076,1909f56bfc062723c751e8b465ee728b)
Start importing Assets/干员模型/克洛斯/克洛斯 1.prefab using Guid(d340b883d70df1949bc0d4ae06b4dd5c) Importer(815301076,1909f56bfc062723c751e8b465ee728b)  -> (artifact id: '4485d7bf47f9da72bed43fb01f0876ca') in 0.160320 seconds 
  Import took 0.165734 seconds .

========================================================================
Received Import Request.
  Time since last request: 6.418161 seconds.
  path: Assets/干员模型/a原版干员/克洛斯 1.prefab
  artifactKey: Guid(d340b883d70df1949bc0d4ae06b4dd5c) Importer(815301076,1909f56bfc062723c751e8b465ee728b)
Start importing Assets/干员模型/a原版干员/克洛斯 1.prefab using Guid(d340b883d70df1949bc0d4ae06b4dd5c) Importer(815301076,1909f56bfc062723c751e8b465ee728b)  -> (artifact id: '56f308d7a63362ac0d8b800983f0e2e5') in 0.022509 seconds 
  Import took 0.026459 seconds .

========================================================================
Received Import Request.
  Time since last request: 116.187142 seconds.
  path: Assets/干员模型/a原版干员/克洛斯-原版.prefab
  artifactKey: Guid(d340b883d70df1949bc0d4ae06b4dd5c) Importer(815301076,1909f56bfc062723c751e8b465ee728b)
Start importing Assets/干员模型/a原版干员/克洛斯-原版.prefab using Guid(d340b883d70df1949bc0d4ae06b4dd5c) Importer(815301076,1909f56bfc062723c751e8b465ee728b)  -> (artifact id: '090a57c656e80883c6e0a565c0ab03b1') in 0.024436 seconds 
  Import took 0.028279 seconds .

========================================================================
Received Import Request.
  Time since last request: 12.182121 seconds.
  path: Assets/干员模型/克洛斯/anim(kroos) 1.controller
  artifactKey: Guid(f10869f405b3e1a4a93318a9071ef3cc) Importer(815301076,1909f56bfc062723c751e8b465ee728b)
Start importing Assets/干员模型/克洛斯/anim(kroos) 1.controller using Guid(f10869f405b3e1a4a93318a9071ef3cc) Importer(815301076,1909f56bfc062723c751e8b465ee728b)  -> (artifact id: '94e2e6b7369d1cb6ac2f6be83615f900') in 0.012337 seconds 
  Import took 0.015911 seconds .

========================================================================
Received Import Request.
  Time since last request: 4.673526 seconds.
  path: Assets/干员模型/a原版干员/anim(kroos) 1.controller
  artifactKey: Guid(f10869f405b3e1a4a93318a9071ef3cc) Importer(815301076,1909f56bfc062723c751e8b465ee728b)
Start importing Assets/干员模型/a原版干员/anim(kroos) 1.controller using Guid(f10869f405b3e1a4a93318a9071ef3cc) Importer(815301076,1909f56bfc062723c751e8b465ee728b)  -> (artifact id: '30f224043bf10b08aa2652d0d365c537') in 0.011059 seconds 
  Import took 0.014587 seconds .

========================================================================
Received Import Request.
  Time since last request: 12.045944 seconds.
  path: Assets/干员模型/a原版干员/克洛斯-原版.controller
  artifactKey: Guid(f10869f405b3e1a4a93318a9071ef3cc) Importer(815301076,1909f56bfc062723c751e8b465ee728b)
Start importing Assets/干员模型/a原版干员/克洛斯-原版.controller using Guid(f10869f405b3e1a4a93318a9071ef3cc) Importer(815301076,1909f56bfc062723c751e8b465ee728b)  -> (artifact id: '79b4ce48b27fb156c3f463615f28c06e') in 0.009111 seconds 
  Import took 0.012574 seconds .

========================================================================
Received Import Request.
  Time since last request: 3.581063 seconds.
  path: Assets/干员模型/a原版干员/克洛斯-原版.prefab
  artifactKey: Guid(d340b883d70df1949bc0d4ae06b4dd5c) Importer(815301076,1909f56bfc062723c751e8b465ee728b)
Start importing Assets/干员模型/a原版干员/克洛斯-原版.prefab using Guid(d340b883d70df1949bc0d4ae06b4dd5c) Importer(815301076,1909f56bfc062723c751e8b465ee728b)  -> (artifact id: '738e50406e992f9f427ebaa0904e0f50') in 0.024296 seconds 
  Import took 0.028422 seconds .

========================================================================
Received Import Request.
  Time since last request: 53.141043 seconds.
  path: Assets/干员模型/克洛斯/克洛斯 1.asset
  artifactKey: Guid(aae7452845d95c04db771d47702e91f7) Importer(815301076,1909f56bfc062723c751e8b465ee728b)
Start importing Assets/干员模型/克洛斯/克洛斯 1.asset using Guid(aae7452845d95c04db771d47702e91f7) Importer(815301076,1909f56bfc062723c751e8b465ee728b)  -> (artifact id: 'd7481ab999da98523fe8f620cff9f663') in 0.030186 seconds 
  Import took 0.034009 seconds .

========================================================================
Received Import Request.
  Time since last request: 4.726962 seconds.
  path: Assets/干员模型/克洛斯/kroos.cs
  artifactKey: Guid(b7dc6142252509247962761ff7e2be01) Importer(815301076,1909f56bfc062723c751e8b465ee728b)
Start importing Assets/干员模型/克洛斯/kroos.cs using Guid(b7dc6142252509247962761ff7e2be01) Importer(815301076,1909f56bfc062723c751e8b465ee728b)  -> (artifact id: '6035206ece4383e81faaedef25377658') in 0.001957 seconds 
  Import took 0.005204 seconds .

========================================================================
Received Import Request.
  Time since last request: 0.000737 seconds.
  path: Assets/干员模型/克洛斯/kroos.cs
  artifactKey: Guid(b7dc6142252509247962761ff7e2be01) Importer(815301076,1909f56bfc062723c751e8b465ee728b)
Start importing Assets/干员模型/克洛斯/kroos.cs using Guid(b7dc6142252509247962761ff7e2be01) Importer(815301076,1909f56bfc062723c751e8b465ee728b)  -> (artifact id: '6035206ece4383e81faaedef25377658') in 0.001692 seconds 
  Import took 0.004053 seconds .

========================================================================
Received Import Request.
  Time since last request: 6.381311 seconds.
  path: Assets/干员模型/a原版干员/克洛斯 1.asset
  artifactKey: Guid(aae7452845d95c04db771d47702e91f7) Importer(815301076,1909f56bfc062723c751e8b465ee728b)
Start importing Assets/干员模型/a原版干员/克洛斯 1.asset using Guid(aae7452845d95c04db771d47702e91f7) Importer(815301076,1909f56bfc062723c751e8b465ee728b)  -> (artifact id: '71eb331c53f45e37f13da8708d9158e9') in 0.022782 seconds 
  Import took 0.028893 seconds .

========================================================================
Received Import Request.
  Time since last request: 32.057954 seconds.
  path: Assets/干员模型/a原版干员/克洛斯-原版.asset
  artifactKey: Guid(aae7452845d95c04db771d47702e91f7) Importer(815301076,1909f56bfc062723c751e8b465ee728b)
Start importing Assets/干员模型/a原版干员/克洛斯-原版.asset using Guid(aae7452845d95c04db771d47702e91f7) Importer(815301076,1909f56bfc062723c751e8b465ee728b)  -> (artifact id: '54cacae153d48b39b1766ca406042fbf') in 0.018804 seconds 
  Import took 0.023038 seconds .

========================================================================
Received Import Request.
  Time since last request: 34.978081 seconds.
  path: Assets/干员模型/a原版干员/kroos_original.cs
  artifactKey: Guid(bd3340420d60ae749b1cc8c0869e7443) Importer(815301076,1909f56bfc062723c751e8b465ee728b)
Start importing Assets/干员模型/a原版干员/kroos_original.cs using Guid(bd3340420d60ae749b1cc8c0869e7443) Importer(815301076,1909f56bfc062723c751e8b465ee728b)  -> (artifact id: 'b4baccc31b5db8d2b3a51b51cabb6e73') in 0.002008 seconds 
  Import took 0.005430 seconds .

========================================================================
Received Prepare
Registering precompiled user dll's ...
Registered in 0.002938 seconds.
Begin MonoManager ReloadAssembly
Native extension for WindowsStandalone target not found
Native extension for OSXStandalone target not found
Refreshing native plugins compatible for Editor in 0.98 ms, found 2 plugins.
Preloading 0 native plugins for Editor in 0.00 ms.
Mono: successfully reloaded assembly
- Completed reload, in  0.919 seconds
Domain Reload Profiling:
	ReloadAssembly (919ms)
		BeginReloadAssembly (88ms)
			ExecutionOrderSort (0ms)
			DisableScriptedObjects (4ms)
			BackupInstance (0ms)
			ReleaseScriptingObjects (0ms)
			CreateAndSetChildDomain (31ms)
		EndReloadAssembly (787ms)
			LoadAssemblies (66ms)
			RebuildTransferFunctionScriptingTraits (0ms)
			SetupTypeCache (200ms)
			ReleaseScriptCaches (1ms)
			RebuildScriptCaches (30ms)
			SetupLoadedEditorAssemblies (425ms)
				LogAssemblyErrors (0ms)
				InitializePlatformSupportModulesInManaged (5ms)
				SetLoadedEditorAssemblies (0ms)
				RefreshPlugins (1ms)
				BeforeProcessingInitializeOnLoad (70ms)
				ProcessInitializeOnLoadAttributes (342ms)
				ProcessInitializeOnLoadMethodAttributes (5ms)
				AfterProcessingInitializeOnLoad (2ms)
				EditorAssembliesLoaded (0ms)
			ExecutionOrderSort2 (0ms)
			AwakeInstancesAfterBackupRestoration (5ms)
Platform modules already initialized, skipping
Refreshing native plugins compatible for Editor in 0.93 ms, found 2 plugins.
Preloading 0 native plugins for Editor in 0.00 ms.
Unloading 1600 Unused Serialized files (Serialized files now loaded: 0)
System memory in use before: 159.4 MB.
System memory in use after: 159.5 MB.

Unloading 14 unused Assets to reduce memory usage. Loaded Objects now: 2095.
Total: 2.936900 ms (FindLiveObjects: 0.170200 ms CreateObjectMapping: 0.041800 ms MarkObjects: 2.688200 ms  DeleteObjects: 0.035700 ms)

AssetImportParameters requested are different than current active one (requested -> active):
  custom:framework-win-MediaFoundation: 216162199b28c13a410421893ffa2e32 -> 
  custom:video-decoder-ogg-theora: a1e56fd34408186e4bbccfd4996cb3dc -> 
  custom:container-muxer-webm: aa71ff27fc2769a1b78a27578f13a17b -> 
  custom:container-demuxer-webm: 4f35f7cbe854078d1ac9338744f61a02 -> 
  custom:container-demuxer-ogg: 62fdf1f143b41e24485cea50d1cbac27 -> 
  custom:video-encoder-webm-vp8: eb34c28f22e8b96e1ab97ce403110664 -> 
  custom:video-codec-MediaFoundation-h265: 746d11721c4dcdbdad8f713fa42b33f4 -> 
  custom:video-decoder-webm-vp8: 9c59270c3fd7afecdb556c50c9e8de78 -> 
  custom:audio-decoder-ogg-vorbis: bf7c407c2cedff20999df2af8eb42d56 -> 
  custom:audio-encoder-webm-vorbis: bf7c407c2cedff20999df2af8eb42d56 -> 
========================================================================
Received Prepare
Registering precompiled user dll's ...
Registered in 0.004826 seconds.
Begin MonoManager ReloadAssembly
Native extension for WindowsStandalone target not found
Native extension for OSXStandalone target not found
Refreshing native plugins compatible for Editor in 0.89 ms, found 2 plugins.
Preloading 0 native plugins for Editor in 0.00 ms.
Mono: successfully reloaded assembly
- Completed reload, in  0.950 seconds
Domain Reload Profiling:
	ReloadAssembly (950ms)
		BeginReloadAssembly (95ms)
			ExecutionOrderSort (0ms)
			DisableScriptedObjects (4ms)
			BackupInstance (0ms)
			ReleaseScriptingObjects (0ms)
			CreateAndSetChildDomain (30ms)
		EndReloadAssembly (813ms)
			LoadAssemblies (62ms)
			RebuildTransferFunctionScriptingTraits (0ms)
			SetupTypeCache (194ms)
			ReleaseScriptCaches (1ms)
			RebuildScriptCaches (29ms)
			SetupLoadedEditorAssemblies (463ms)
				LogAssemblyErrors (0ms)
				InitializePlatformSupportModulesInManaged (4ms)
				SetLoadedEditorAssemblies (0ms)
				RefreshPlugins (1ms)
				BeforeProcessingInitializeOnLoad (72ms)
				ProcessInitializeOnLoadAttributes (378ms)
				ProcessInitializeOnLoadMethodAttributes (5ms)
				AfterProcessingInitializeOnLoad (2ms)
				EditorAssembliesLoaded (0ms)
			ExecutionOrderSort2 (0ms)
			AwakeInstancesAfterBackupRestoration (5ms)
Platform modules already initialized, skipping
Refreshing native plugins compatible for Editor in 0.92 ms, found 2 plugins.
Preloading 0 native plugins for Editor in 0.00 ms.
Unloading 1600 Unused Serialized files (Serialized files now loaded: 0)
System memory in use before: 159.4 MB.
System memory in use after: 159.5 MB.

Unloading 13 unused Assets to reduce memory usage. Loaded Objects now: 2098.
Total: 2.619900 ms (FindLiveObjects: 0.164100 ms CreateObjectMapping: 0.052700 ms MarkObjects: 2.386800 ms  DeleteObjects: 0.015300 ms)

AssetImportParameters requested are different than current active one (requested -> active):
  custom:framework-win-MediaFoundation: 216162199b28c13a410421893ffa2e32 -> 
  custom:video-decoder-ogg-theora: a1e56fd34408186e4bbccfd4996cb3dc -> 
  custom:container-muxer-webm: aa71ff27fc2769a1b78a27578f13a17b -> 
  custom:container-demuxer-webm: 4f35f7cbe854078d1ac9338744f61a02 -> 
  custom:container-demuxer-ogg: 62fdf1f143b41e24485cea50d1cbac27 -> 
  custom:video-encoder-webm-vp8: eb34c28f22e8b96e1ab97ce403110664 -> 
  custom:video-codec-MediaFoundation-h265: 746d11721c4dcdbdad8f713fa42b33f4 -> 
  custom:video-decoder-webm-vp8: 9c59270c3fd7afecdb556c50c9e8de78 -> 
  custom:audio-decoder-ogg-vorbis: bf7c407c2cedff20999df2af8eb42d56 -> 
  custom:audio-encoder-webm-vorbis: bf7c407c2cedff20999df2af8eb42d56 -> 
========================================================================
Received Import Request.
  Time since last request: 107.236199 seconds.
  path: Assets/干员模型/a原版干员/kroos_original.cs
  artifactKey: Guid(bd3340420d60ae749b1cc8c0869e7443) Importer(815301076,1909f56bfc062723c751e8b465ee728b)
Start importing Assets/干员模型/a原版干员/kroos_original.cs using Guid(bd3340420d60ae749b1cc8c0869e7443) Importer(815301076,1909f56bfc062723c751e8b465ee728b)  -> (artifact id: '656fd20f9a113a81c5c5cde832f7a92d') in 0.006006 seconds 
  Import took 0.011263 seconds .

========================================================================
Received Import Request.
  Time since last request: 471.022161 seconds.
  path: Assets/干员模型/a原版干员/kroos_original.cs
  artifactKey: Guid(bd3340420d60ae749b1cc8c0869e7443) Importer(815301076,1909f56bfc062723c751e8b465ee728b)
Start importing Assets/干员模型/a原版干员/kroos_original.cs using Guid(bd3340420d60ae749b1cc8c0869e7443) Importer(815301076,1909f56bfc062723c751e8b465ee728b)  -> (artifact id: '00da3bbab95eea5469ddec51d8c05d31') in 0.002756 seconds 
  Import took 0.006132 seconds .

========================================================================
Received Import Request.
  Time since last request: 40.421677 seconds.
  path: Assets/干员模型/a原版干员/kroos_original.cs
  artifactKey: Guid(bd3340420d60ae749b1cc8c0869e7443) Importer(815301076,1909f56bfc062723c751e8b465ee728b)
Start importing Assets/干员模型/a原版干员/kroos_original.cs using Guid(bd3340420d60ae749b1cc8c0869e7443) Importer(815301076,1909f56bfc062723c751e8b465ee728b)  -> (artifact id: '6cebddd61e408d6e6ea438a750207547') in 0.001782 seconds 
  Import took 0.006681 seconds .

========================================================================
Received Prepare
Registering precompiled user dll's ...
Registered in 0.002714 seconds.
Begin MonoManager ReloadAssembly
Native extension for WindowsStandalone target not found
Native extension for OSXStandalone target not found
Refreshing native plugins compatible for Editor in 0.92 ms, found 2 plugins.
Preloading 0 native plugins for Editor in 0.00 ms.
Mono: successfully reloaded assembly
- Completed reload, in  0.875 seconds
Domain Reload Profiling:
	ReloadAssembly (875ms)
		BeginReloadAssembly (93ms)
			ExecutionOrderSort (0ms)
			DisableScriptedObjects (4ms)
			BackupInstance (0ms)
			ReleaseScriptingObjects (0ms)
			CreateAndSetChildDomain (27ms)
		EndReloadAssembly (736ms)
			LoadAssemblies (59ms)
			RebuildTransferFunctionScriptingTraits (0ms)
			SetupTypeCache (180ms)
			ReleaseScriptCaches (1ms)
			RebuildScriptCaches (28ms)
			SetupLoadedEditorAssemblies (405ms)
				LogAssemblyErrors (0ms)
				InitializePlatformSupportModulesInManaged (4ms)
				SetLoadedEditorAssemblies (0ms)
				RefreshPlugins (1ms)
				BeforeProcessingInitializeOnLoad (62ms)
				ProcessInitializeOnLoadAttributes (331ms)
				ProcessInitializeOnLoadMethodAttributes (5ms)
				AfterProcessingInitializeOnLoad (2ms)
				EditorAssembliesLoaded (0ms)
			ExecutionOrderSort2 (0ms)
			AwakeInstancesAfterBackupRestoration (5ms)
Platform modules already initialized, skipping
Refreshing native plugins compatible for Editor in 0.90 ms, found 2 plugins.
Preloading 0 native plugins for Editor in 0.00 ms.
Unloading 1600 Unused Serialized files (Serialized files now loaded: 0)
System memory in use before: 159.4 MB.
System memory in use after: 159.5 MB.

Unloading 13 unused Assets to reduce memory usage. Loaded Objects now: 2101.
Total: 2.501100 ms (FindLiveObjects: 0.137500 ms CreateObjectMapping: 0.040200 ms MarkObjects: 2.305800 ms  DeleteObjects: 0.016600 ms)

AssetImportParameters requested are different than current active one (requested -> active):
  custom:framework-win-MediaFoundation: 216162199b28c13a410421893ffa2e32 -> 
  custom:video-decoder-ogg-theora: a1e56fd34408186e4bbccfd4996cb3dc -> 
  custom:container-muxer-webm: aa71ff27fc2769a1b78a27578f13a17b -> 
  custom:container-demuxer-webm: 4f35f7cbe854078d1ac9338744f61a02 -> 
  custom:container-demuxer-ogg: 62fdf1f143b41e24485cea50d1cbac27 -> 
  custom:video-encoder-webm-vp8: eb34c28f22e8b96e1ab97ce403110664 -> 
  custom:video-codec-MediaFoundation-h265: 746d11721c4dcdbdad8f713fa42b33f4 -> 
  custom:video-decoder-webm-vp8: 9c59270c3fd7afecdb556c50c9e8de78 -> 
  custom:audio-decoder-ogg-vorbis: bf7c407c2cedff20999df2af8eb42d56 -> 
  custom:audio-encoder-webm-vorbis: bf7c407c2cedff20999df2af8eb42d56 -> 
========================================================================
Received Import Request.
  Time since last request: 244.417468 seconds.
  path: Assets/干员模型/a原版干员/kroos_original.cs
  artifactKey: Guid(bd3340420d60ae749b1cc8c0869e7443) Importer(815301076,1909f56bfc062723c751e8b465ee728b)
Start importing Assets/干员模型/a原版干员/kroos_original.cs using Guid(bd3340420d60ae749b1cc8c0869e7443) Importer(815301076,1909f56bfc062723c751e8b465ee728b)  -> (artifact id: 'e14b85c53508ef9c4d1824fa43f3227a') in 0.003903 seconds 
  Import took 0.015748 seconds .

========================================================================
Received Import Request.
  Time since last request: 51.514377 seconds.
  path: Assets/干员模型/克洛斯/箭 1.prefab
  artifactKey: Guid(4660d000991b22c4fac28632aa6b1690) Importer(815301076,1909f56bfc062723c751e8b465ee728b)
Start importing Assets/干员模型/克洛斯/箭 1.prefab using Guid(4660d000991b22c4fac28632aa6b1690) Importer(815301076,1909f56bfc062723c751e8b465ee728b)  -> (artifact id: '9088316180cb18b1d666842229506de7') in 0.043853 seconds 
  Import took 0.047056 seconds .

========================================================================
Received Prepare
Registering precompiled user dll's ...
Registered in 0.002939 seconds.
Begin MonoManager ReloadAssembly
Native extension for WindowsStandalone target not found
Native extension for OSXStandalone target not found
Refreshing native plugins compatible for Editor in 0.94 ms, found 2 plugins.
Preloading 0 native plugins for Editor in 0.00 ms.
Mono: successfully reloaded assembly
- Completed reload, in  0.887 seconds
Domain Reload Profiling:
	ReloadAssembly (887ms)
		BeginReloadAssembly (86ms)
			ExecutionOrderSort (0ms)
			DisableScriptedObjects (4ms)
			BackupInstance (0ms)
			ReleaseScriptingObjects (0ms)
			CreateAndSetChildDomain (28ms)
		EndReloadAssembly (759ms)
			LoadAssemblies (61ms)
			RebuildTransferFunctionScriptingTraits (0ms)
			SetupTypeCache (194ms)
			ReleaseScriptCaches (1ms)
			RebuildScriptCaches (28ms)
			SetupLoadedEditorAssemblies (410ms)
				LogAssemblyErrors (0ms)
				InitializePlatformSupportModulesInManaged (4ms)
				SetLoadedEditorAssemblies (0ms)
				RefreshPlugins (1ms)
				BeforeProcessingInitializeOnLoad (65ms)
				ProcessInitializeOnLoadAttributes (332ms)
				ProcessInitializeOnLoadMethodAttributes (5ms)
				AfterProcessingInitializeOnLoad (2ms)
				EditorAssembliesLoaded (0ms)
			ExecutionOrderSort2 (0ms)
			AwakeInstancesAfterBackupRestoration (6ms)
Platform modules already initialized, skipping
Refreshing native plugins compatible for Editor in 0.97 ms, found 2 plugins.
Preloading 0 native plugins for Editor in 0.00 ms.
Unloading 1600 Unused Serialized files (Serialized files now loaded: 0)
System memory in use before: 159.4 MB.
System memory in use after: 159.5 MB.

Unloading 13 unused Assets to reduce memory usage. Loaded Objects now: 2106.
Total: 2.529400 ms (FindLiveObjects: 0.138200 ms CreateObjectMapping: 0.045700 ms MarkObjects: 2.329900 ms  DeleteObjects: 0.014700 ms)

AssetImportParameters requested are different than current active one (requested -> active):
  custom:framework-win-MediaFoundation: 216162199b28c13a410421893ffa2e32 -> 
  custom:video-decoder-ogg-theora: a1e56fd34408186e4bbccfd4996cb3dc -> 
  custom:container-muxer-webm: aa71ff27fc2769a1b78a27578f13a17b -> 
  custom:container-demuxer-webm: 4f35f7cbe854078d1ac9338744f61a02 -> 
  custom:container-demuxer-ogg: 62fdf1f143b41e24485cea50d1cbac27 -> 
  custom:video-encoder-webm-vp8: eb34c28f22e8b96e1ab97ce403110664 -> 
  custom:video-codec-MediaFoundation-h265: 746d11721c4dcdbdad8f713fa42b33f4 -> 
  custom:video-decoder-webm-vp8: 9c59270c3fd7afecdb556c50c9e8de78 -> 
  custom:audio-decoder-ogg-vorbis: bf7c407c2cedff20999df2af8eb42d56 -> 
  custom:audio-encoder-webm-vorbis: bf7c407c2cedff20999df2af8eb42d56 -> 
========================================================================
Received Import Request.
  Time since last request: 234.196744 seconds.
  path: Assets/干员模型/a原版干员/kroosArror_original.cs
  artifactKey: Guid(b6bbf7b0ed1619b458f8f4157c8f731e) Importer(815301076,1909f56bfc062723c751e8b465ee728b)
Start importing Assets/干员模型/a原版干员/kroosArror_original.cs using Guid(b6bbf7b0ed1619b458f8f4157c8f731e) Importer(815301076,1909f56bfc062723c751e8b465ee728b)  -> (artifact id: '67d2004e95f42891360f7e8487df8c6b') in 0.004552 seconds 
  Import took 0.009180 seconds .

========================================================================
Received Prepare
Registering precompiled user dll's ...
Registered in 0.002736 seconds.
Begin MonoManager ReloadAssembly
Native extension for WindowsStandalone target not found
Native extension for OSXStandalone target not found
Refreshing native plugins compatible for Editor in 0.93 ms, found 2 plugins.
Preloading 0 native plugins for Editor in 0.00 ms.
Mono: successfully reloaded assembly
- Completed reload, in  0.911 seconds
Domain Reload Profiling:
	ReloadAssembly (911ms)
		BeginReloadAssembly (88ms)
			ExecutionOrderSort (0ms)
			DisableScriptedObjects (4ms)
			BackupInstance (0ms)
			ReleaseScriptingObjects (0ms)
			CreateAndSetChildDomain (33ms)
		EndReloadAssembly (782ms)
			LoadAssemblies (61ms)
			RebuildTransferFunctionScriptingTraits (0ms)
			SetupTypeCache (183ms)
			ReleaseScriptCaches (1ms)
			RebuildScriptCaches (28ms)
			SetupLoadedEditorAssemblies (443ms)
				LogAssemblyErrors (0ms)
				InitializePlatformSupportModulesInManaged (5ms)
				SetLoadedEditorAssemblies (0ms)
				RefreshPlugins (1ms)
				BeforeProcessingInitializeOnLoad (65ms)
				ProcessInitializeOnLoadAttributes (363ms)
				ProcessInitializeOnLoadMethodAttributes (6ms)
				AfterProcessingInitializeOnLoad (2ms)
				EditorAssembliesLoaded (0ms)
			ExecutionOrderSort2 (0ms)
			AwakeInstancesAfterBackupRestoration (6ms)
Platform modules already initialized, skipping
Refreshing native plugins compatible for Editor in 0.96 ms, found 2 plugins.
Preloading 0 native plugins for Editor in 0.00 ms.
Unloading 1601 Unused Serialized files (Serialized files now loaded: 0)
System memory in use before: 159.4 MB.
System memory in use after: 159.5 MB.

Unloading 13 unused Assets to reduce memory usage. Loaded Objects now: 2110.
Total: 3.975000 ms (FindLiveObjects: 0.375200 ms CreateObjectMapping: 0.456400 ms MarkObjects: 3.118200 ms  DeleteObjects: 0.023100 ms)

AssetImportParameters requested are different than current active one (requested -> active):
  custom:framework-win-MediaFoundation: 216162199b28c13a410421893ffa2e32 -> 
  custom:video-decoder-ogg-theora: a1e56fd34408186e4bbccfd4996cb3dc -> 
  custom:container-muxer-webm: aa71ff27fc2769a1b78a27578f13a17b -> 
  custom:container-demuxer-webm: 4f35f7cbe854078d1ac9338744f61a02 -> 
  custom:container-demuxer-ogg: 62fdf1f143b41e24485cea50d1cbac27 -> 
  custom:video-encoder-webm-vp8: eb34c28f22e8b96e1ab97ce403110664 -> 
  custom:video-codec-MediaFoundation-h265: 746d11721c4dcdbdad8f713fa42b33f4 -> 
  custom:video-decoder-webm-vp8: 9c59270c3fd7afecdb556c50c9e8de78 -> 
  custom:audio-decoder-ogg-vorbis: bf7c407c2cedff20999df2af8eb42d56 -> 
  custom:audio-encoder-webm-vorbis: bf7c407c2cedff20999df2af8eb42d56 -> 
========================================================================
Received Prepare
Registering precompiled user dll's ...
Registered in 0.003046 seconds.
Begin MonoManager ReloadAssembly
Native extension for WindowsStandalone target not found
Native extension for OSXStandalone target not found
Refreshing native plugins compatible for Editor in 0.92 ms, found 2 plugins.
Preloading 0 native plugins for Editor in 0.00 ms.
Mono: successfully reloaded assembly
- Completed reload, in  0.878 seconds
Domain Reload Profiling:
	ReloadAssembly (878ms)
		BeginReloadAssembly (89ms)
			ExecutionOrderSort (0ms)
			DisableScriptedObjects (4ms)
			BackupInstance (0ms)
			ReleaseScriptingObjects (0ms)
			CreateAndSetChildDomain (26ms)
		EndReloadAssembly (749ms)
			LoadAssemblies (59ms)
			RebuildTransferFunctionScriptingTraits (0ms)
			SetupTypeCache (186ms)
			ReleaseScriptCaches (1ms)
			RebuildScriptCaches (29ms)
			SetupLoadedEditorAssemblies (408ms)
				LogAssemblyErrors (0ms)
				InitializePlatformSupportModulesInManaged (4ms)
				SetLoadedEditorAssemblies (0ms)
				RefreshPlugins (1ms)
				BeforeProcessingInitializeOnLoad (65ms)
				ProcessInitializeOnLoadAttributes (331ms)
				ProcessInitializeOnLoadMethodAttributes (5ms)
				AfterProcessingInitializeOnLoad (2ms)
				EditorAssembliesLoaded (0ms)
			ExecutionOrderSort2 (0ms)
			AwakeInstancesAfterBackupRestoration (5ms)
Platform modules already initialized, skipping
Refreshing native plugins compatible for Editor in 0.91 ms, found 2 plugins.
Preloading 0 native plugins for Editor in 0.00 ms.
Unloading 1601 Unused Serialized files (Serialized files now loaded: 0)
System memory in use before: 159.4 MB.
System memory in use after: 159.5 MB.

Unloading 13 unused Assets to reduce memory usage. Loaded Objects now: 2113.
Total: 2.617900 ms (FindLiveObjects: 0.142300 ms CreateObjectMapping: 0.044400 ms MarkObjects: 2.415500 ms  DeleteObjects: 0.014900 ms)

AssetImportParameters requested are different than current active one (requested -> active):
  custom:framework-win-MediaFoundation: 216162199b28c13a410421893ffa2e32 -> 
  custom:video-decoder-ogg-theora: a1e56fd34408186e4bbccfd4996cb3dc -> 
  custom:container-muxer-webm: aa71ff27fc2769a1b78a27578f13a17b -> 
  custom:container-demuxer-webm: 4f35f7cbe854078d1ac9338744f61a02 -> 
  custom:container-demuxer-ogg: 62fdf1f143b41e24485cea50d1cbac27 -> 
  custom:video-encoder-webm-vp8: eb34c28f22e8b96e1ab97ce403110664 -> 
  custom:video-codec-MediaFoundation-h265: 746d11721c4dcdbdad8f713fa42b33f4 -> 
  custom:video-decoder-webm-vp8: 9c59270c3fd7afecdb556c50c9e8de78 -> 
  custom:audio-decoder-ogg-vorbis: bf7c407c2cedff20999df2af8eb42d56 -> 
  custom:audio-encoder-webm-vorbis: bf7c407c2cedff20999df2af8eb42d56 -> 
========================================================================
Received Import Request.
  Time since last request: 525.361546 seconds.
  path: Assets/干员模型/a原版干员/kroosArror_original.cs
  artifactKey: Guid(b6bbf7b0ed1619b458f8f4157c8f731e) Importer(815301076,1909f56bfc062723c751e8b465ee728b)
Start importing Assets/干员模型/a原版干员/kroosArror_original.cs using Guid(b6bbf7b0ed1619b458f8f4157c8f731e) Importer(815301076,1909f56bfc062723c751e8b465ee728b)  -> (artifact id: '00bb406c02ab81405329daf0d790fb58') in 0.004159 seconds 
  Import took 0.015799 seconds .

========================================================================
Received Import Request.
  Time since last request: 6.727049 seconds.
  path: Assets/干员模型/克洛斯/箭 1.prefab
  artifactKey: Guid(fb8f0104db82e38439a37219c09a2d42) Importer(815301076,1909f56bfc062723c751e8b465ee728b)
Start importing Assets/干员模型/克洛斯/箭 1.prefab using Guid(fb8f0104db82e38439a37219c09a2d42) Importer(815301076,1909f56bfc062723c751e8b465ee728b)  -> (artifact id: 'c3b61fd9ff996e97b55c5554911e4c26') in 0.041860 seconds 
  Import took 0.046417 seconds .

========================================================================
Received Import Request.
  Time since last request: 3.269760 seconds.
  path: Assets/干员模型/a原版干员/箭 1.prefab
  artifactKey: Guid(fb8f0104db82e38439a37219c09a2d42) Importer(815301076,1909f56bfc062723c751e8b465ee728b)
Start importing Assets/干员模型/a原版干员/箭 1.prefab using Guid(fb8f0104db82e38439a37219c09a2d42) Importer(815301076,1909f56bfc062723c751e8b465ee728b)  -> (artifact id: '97435ce78a121179ce9afda68e0faa04') in 0.006764 seconds 
  Import took 0.010375 seconds .

========================================================================
Received Import Request.
  Time since last request: 8.481682 seconds.
  path: Assets/干员模型/a原版干员/箭-原版.prefab
  artifactKey: Guid(fb8f0104db82e38439a37219c09a2d42) Importer(815301076,1909f56bfc062723c751e8b465ee728b)
Start importing Assets/干员模型/a原版干员/箭-原版.prefab using Guid(fb8f0104db82e38439a37219c09a2d42) Importer(815301076,1909f56bfc062723c751e8b465ee728b)  -> (artifact id: '6680c9c78a5d733aaab71565902187d8') in 0.007099 seconds 
  Import took 0.010561 seconds .

========================================================================
Received Import Request.
  Time since last request: 4.540072 seconds.
  path: Assets/干员模型/a原版干员/箭-原版.prefab
  artifactKey: Guid(fb8f0104db82e38439a37219c09a2d42) Importer(815301076,1909f56bfc062723c751e8b465ee728b)
Start importing Assets/干员模型/a原版干员/箭-原版.prefab using Guid(fb8f0104db82e38439a37219c09a2d42) Importer(815301076,1909f56bfc062723c751e8b465ee728b)  -> (artifact id: '3ec38934b9f6776dd55c059dd41ab73d') in 0.009958 seconds 
  Import took 0.013197 seconds .

========================================================================
Received Import Request.
  Time since last request: 5.447236 seconds.
  path: Assets/干员模型/a原版干员/箭-原版.prefab
  artifactKey: Guid(fb8f0104db82e38439a37219c09a2d42) Importer(815301076,1909f56bfc062723c751e8b465ee728b)
Start importing Assets/干员模型/a原版干员/箭-原版.prefab using Guid(fb8f0104db82e38439a37219c09a2d42) Importer(815301076,1909f56bfc062723c751e8b465ee728b)  -> (artifact id: '3d5f7cd33cca26aa139dc36fcd4e6839') in 0.009593 seconds 
  Import took 0.012978 seconds .

========================================================================
Received Import Request.
  Time since last request: 3.889922 seconds.
  path: Assets/干员模型/a原版干员/箭-原版.prefab
  artifactKey: Guid(fb8f0104db82e38439a37219c09a2d42) Importer(815301076,1909f56bfc062723c751e8b465ee728b)
Start importing Assets/干员模型/a原版干员/箭-原版.prefab using Guid(fb8f0104db82e38439a37219c09a2d42) Importer(815301076,1909f56bfc062723c751e8b465ee728b)  -> (artifact id: '7ea4f7601d3efe3e48fbc299f625bba3') in 0.006804 seconds 
  Import took 0.010139 seconds .

========================================================================
Received Import Request.
  Time since last request: 5.282867 seconds.
  path: Assets/干员模型/a原版干员/箭-原版.prefab
  artifactKey: Guid(fb8f0104db82e38439a37219c09a2d42) Importer(815301076,1909f56bfc062723c751e8b465ee728b)
Start importing Assets/干员模型/a原版干员/箭-原版.prefab using Guid(fb8f0104db82e38439a37219c09a2d42) Importer(815301076,1909f56bfc062723c751e8b465ee728b)  -> (artifact id: 'e6112cb385321c6269d88ae2c9bd25aa') in 0.006528 seconds 
  Import took 0.009362 seconds .

========================================================================
Received Import Request.
  Time since last request: 4.746931 seconds.
  path: Assets/干员模型/a原版干员/箭-原版.prefab
  artifactKey: Guid(fb8f0104db82e38439a37219c09a2d42) Importer(815301076,1909f56bfc062723c751e8b465ee728b)
Start importing Assets/干员模型/a原版干员/箭-原版.prefab using Guid(fb8f0104db82e38439a37219c09a2d42) Importer(815301076,1909f56bfc062723c751e8b465ee728b)  -> (artifact id: '44455d9299189637f4ce213cbc7e2eb1') in 0.009493 seconds 
  Import took 0.012798 seconds .

========================================================================
Received Import Request.
  Time since last request: 14.847706 seconds.
  path: Assets/干员模型/a原版干员/kroos_original.cs
  artifactKey: Guid(bd3340420d60ae749b1cc8c0869e7443) Importer(815301076,1909f56bfc062723c751e8b465ee728b)
Start importing Assets/干员模型/a原版干员/kroos_original.cs using Guid(bd3340420d60ae749b1cc8c0869e7443) Importer(815301076,1909f56bfc062723c751e8b465ee728b)  -> (artifact id: 'fe6dbf79e8582faea48c33a21b4a1d9f') in 0.001803 seconds 
  Import took 0.013680 seconds .

========================================================================
Received Import Request.
  Time since last request: 4.725830 seconds.
  path: Assets/干员模型/a原版干员/箭-原版.prefab
  artifactKey: Guid(fb8f0104db82e38439a37219c09a2d42) Importer(815301076,1909f56bfc062723c751e8b465ee728b)
Start importing Assets/干员模型/a原版干员/箭-原版.prefab using Guid(fb8f0104db82e38439a37219c09a2d42) Importer(815301076,1909f56bfc062723c751e8b465ee728b)  -> (artifact id: '76c22ecfba3e3059bda497f6078f8d5a') in 0.009658 seconds 
  Import took 0.013055 seconds .

========================================================================
Received Import Request.
  Time since last request: 6.974558 seconds.
  path: Assets/干员模型/a原版干员/克洛斯-原版.prefab
  artifactKey: Guid(d340b883d70df1949bc0d4ae06b4dd5c) Importer(815301076,1909f56bfc062723c751e8b465ee728b)
Start importing Assets/干员模型/a原版干员/克洛斯-原版.prefab using Guid(d340b883d70df1949bc0d4ae06b4dd5c) Importer(815301076,1909f56bfc062723c751e8b465ee728b)  -> (artifact id: '1656879691ad876d0c7a990b462e42dd') in 0.039603 seconds 
  Import took 0.043465 seconds .

========================================================================
Received Import Request.
  Time since last request: 2.050246 seconds.
  path: Assets/干员模型/a原版干员/克洛斯-原版.prefab
  artifactKey: Guid(d340b883d70df1949bc0d4ae06b4dd5c) Importer(815301076,1909f56bfc062723c751e8b465ee728b)
Start importing Assets/干员模型/a原版干员/克洛斯-原版.prefab using Guid(d340b883d70df1949bc0d4ae06b4dd5c) Importer(815301076,1909f56bfc062723c751e8b465ee728b)  -> (artifact id: '9ce9915bbf85d6a523e6d5435611ae32') in 0.023048 seconds 
  Import took 0.026805 seconds .

========================================================================
Received Import Request.
  Time since last request: 15.309451 seconds.
  path: Assets/干员模型/a原版干员/克洛斯-原版.prefab
  artifactKey: Guid(d340b883d70df1949bc0d4ae06b4dd5c) Importer(815301076,1909f56bfc062723c751e8b465ee728b)
Start importing Assets/干员模型/a原版干员/克洛斯-原版.prefab using Guid(d340b883d70df1949bc0d4ae06b4dd5c) Importer(815301076,1909f56bfc062723c751e8b465ee728b)  -> (artifact id: '62f5faf162e5b609273cfb1b57fff77e') in 0.020369 seconds 
  Import took 0.024363 seconds .

========================================================================
Received Import Request.
  Time since last request: 4.812575 seconds.
  path: Assets/干员模型/a原版干员/克洛斯-原版.prefab
  artifactKey: Guid(d340b883d70df1949bc0d4ae06b4dd5c) Importer(815301076,1909f56bfc062723c751e8b465ee728b)
Start importing Assets/干员模型/a原版干员/克洛斯-原版.prefab using Guid(d340b883d70df1949bc0d4ae06b4dd5c) Importer(815301076,1909f56bfc062723c751e8b465ee728b)  -> (artifact id: 'c11d1ad350bbf8350fc282a3f7239219') in 0.020597 seconds 
  Import took 0.024520 seconds .

========================================================================
Received Import Request.
  Time since last request: 3.791767 seconds.
  path: Assets/干员模型/a原版干员/克洛斯-原版.prefab
  artifactKey: Guid(d340b883d70df1949bc0d4ae06b4dd5c) Importer(815301076,1909f56bfc062723c751e8b465ee728b)
Start importing Assets/干员模型/a原版干员/克洛斯-原版.prefab using Guid(d340b883d70df1949bc0d4ae06b4dd5c) Importer(815301076,1909f56bfc062723c751e8b465ee728b)  -> (artifact id: 'b58afcb9ada11aa59f96bd9247c593a7') in 0.020640 seconds 
  Import took 0.025253 seconds .

========================================================================
Received Import Request.
  Time since last request: 7.060856 seconds.
  path: Assets/干员模型/a原版干员/克洛斯-原版.prefab
  artifactKey: Guid(d340b883d70df1949bc0d4ae06b4dd5c) Importer(815301076,1909f56bfc062723c751e8b465ee728b)
Start importing Assets/干员模型/a原版干员/克洛斯-原版.prefab using Guid(d340b883d70df1949bc0d4ae06b4dd5c) Importer(815301076,1909f56bfc062723c751e8b465ee728b)  -> (artifact id: '6fc71bdd1a3e78d2067f829d4ea9993b') in 0.023237 seconds 
  Import took 0.027040 seconds .

========================================================================
Received Import Request.
  Time since last request: 6.226807 seconds.
  path: Assets/干员模型/a原版干员/克洛斯-原版.prefab
  artifactKey: Guid(d340b883d70df1949bc0d4ae06b4dd5c) Importer(815301076,1909f56bfc062723c751e8b465ee728b)
Start importing Assets/干员模型/a原版干员/克洛斯-原版.prefab using Guid(d340b883d70df1949bc0d4ae06b4dd5c) Importer(815301076,1909f56bfc062723c751e8b465ee728b)  -> (artifact id: '67315e8f9d31cf3fcb25abf1ca4379cb') in 0.018007 seconds 
  Import took 0.021940 seconds .

========================================================================
Received Import Request.
  Time since last request: 3.014102 seconds.
  path: Assets/干员模型/a原版干员/克洛斯-原版.prefab
  artifactKey: Guid(d340b883d70df1949bc0d4ae06b4dd5c) Importer(815301076,1909f56bfc062723c751e8b465ee728b)
Start importing Assets/干员模型/a原版干员/克洛斯-原版.prefab using Guid(d340b883d70df1949bc0d4ae06b4dd5c) Importer(815301076,1909f56bfc062723c751e8b465ee728b)  -> (artifact id: '4ad1f2c4657757476c1b78bc73608d59') in 0.022760 seconds 
  Import took 0.026800 seconds .

========================================================================
Received Import Request.
  Time since last request: 1.394673 seconds.
  path: Assets/干员模型/a原版干员/克洛斯-原版.prefab
  artifactKey: Guid(d340b883d70df1949bc0d4ae06b4dd5c) Importer(815301076,1909f56bfc062723c751e8b465ee728b)
Start importing Assets/干员模型/a原版干员/克洛斯-原版.prefab using Guid(d340b883d70df1949bc0d4ae06b4dd5c) Importer(815301076,1909f56bfc062723c751e8b465ee728b)  -> (artifact id: '9af4be04764ab15491511e5dea36d398') in 0.017773 seconds 
  Import took 0.021769 seconds .

========================================================================
Received Import Request.
  Time since last request: 1.369010 seconds.
  path: Assets/干员模型/a原版干员/克洛斯-原版.prefab
  artifactKey: Guid(d340b883d70df1949bc0d4ae06b4dd5c) Importer(815301076,1909f56bfc062723c751e8b465ee728b)
Start importing Assets/干员模型/a原版干员/克洛斯-原版.prefab using Guid(d340b883d70df1949bc0d4ae06b4dd5c) Importer(815301076,1909f56bfc062723c751e8b465ee728b)  -> (artifact id: 'f0d66f9eefcffd08da044a5e22a699bf') in 0.019497 seconds 
  Import took 0.023612 seconds .

========================================================================
Received Import Request.
  Time since last request: 5.838469 seconds.
  path: Assets/干员模型/a原版干员/克洛斯-原版.prefab
  artifactKey: Guid(d340b883d70df1949bc0d4ae06b4dd5c) Importer(815301076,1909f56bfc062723c751e8b465ee728b)
Start importing Assets/干员模型/a原版干员/克洛斯-原版.prefab using Guid(d340b883d70df1949bc0d4ae06b4dd5c) Importer(815301076,1909f56bfc062723c751e8b465ee728b)  -> (artifact id: '90762425727bd9630a07586e90d67cf7') in 0.017614 seconds 
  Import took 0.021513 seconds .

========================================================================
Received Import Request.
  Time since last request: 2.421057 seconds.
  path: Assets/干员模型/a原版干员/克洛斯-原版.prefab
  artifactKey: Guid(d340b883d70df1949bc0d4ae06b4dd5c) Importer(815301076,1909f56bfc062723c751e8b465ee728b)
Start importing Assets/干员模型/a原版干员/克洛斯-原版.prefab using Guid(d340b883d70df1949bc0d4ae06b4dd5c) Importer(815301076,1909f56bfc062723c751e8b465ee728b)  -> (artifact id: '55df663d43c00bfbbdec65cdadd016f6') in 0.022652 seconds 
  Import took 0.026822 seconds .

========================================================================
Received Import Request.
  Time since last request: 6.196382 seconds.
  path: Assets/干员模型/a原版干员/克洛斯-原版.prefab
  artifactKey: Guid(d340b883d70df1949bc0d4ae06b4dd5c) Importer(815301076,1909f56bfc062723c751e8b465ee728b)
Start importing Assets/干员模型/a原版干员/克洛斯-原版.prefab using Guid(d340b883d70df1949bc0d4ae06b4dd5c) Importer(815301076,1909f56bfc062723c751e8b465ee728b)  -> (artifact id: '2922d7e44be1a0485c803e9553faaade') in 0.018136 seconds 
  Import took 0.023214 seconds .

========================================================================
Received Import Request.
  Time since last request: 29.283779 seconds.
  path: Assets/干员模型/a原版干员/克洛斯-原版.prefab
  artifactKey: Guid(d340b883d70df1949bc0d4ae06b4dd5c) Importer(815301076,1909f56bfc062723c751e8b465ee728b)
Start importing Assets/干员模型/a原版干员/克洛斯-原版.prefab using Guid(d340b883d70df1949bc0d4ae06b4dd5c) Importer(815301076,1909f56bfc062723c751e8b465ee728b)  -> (artifact id: '7ba57c4e837c0c2d3403be1807fbfeb8') in 0.019430 seconds 
  Import took 0.023535 seconds .

========================================================================
Received Import Request.
  Time since last request: 1.396559 seconds.
  path: Assets/干员模型/a原版干员/克洛斯-原版.prefab
  artifactKey: Guid(d340b883d70df1949bc0d4ae06b4dd5c) Importer(815301076,1909f56bfc062723c751e8b465ee728b)
Start importing Assets/干员模型/a原版干员/克洛斯-原版.prefab using Guid(d340b883d70df1949bc0d4ae06b4dd5c) Importer(815301076,1909f56bfc062723c751e8b465ee728b)  -> (artifact id: 'f0aedbfa42fd9bbeae625cbde47a623d') in 0.018201 seconds 
  Import took 0.022179 seconds .

========================================================================
Received Import Request.
  Time since last request: 1.391508 seconds.
  path: Assets/干员模型/a原版干员/克洛斯-原版.prefab
  artifactKey: Guid(d340b883d70df1949bc0d4ae06b4dd5c) Importer(815301076,1909f56bfc062723c751e8b465ee728b)
Start importing Assets/干员模型/a原版干员/克洛斯-原版.prefab using Guid(d340b883d70df1949bc0d4ae06b4dd5c) Importer(815301076,1909f56bfc062723c751e8b465ee728b)  -> (artifact id: 'f6fc26a6622719feb51caeaa848c1bd4') in 0.019285 seconds 
  Import took 0.023193 seconds .

========================================================================
Received Import Request.
  Time since last request: 3.241534 seconds.
  path: Assets/干员模型/a原版干员/克洛斯-原版.prefab
  artifactKey: Guid(d340b883d70df1949bc0d4ae06b4dd5c) Importer(815301076,1909f56bfc062723c751e8b465ee728b)
Start importing Assets/干员模型/a原版干员/克洛斯-原版.prefab using Guid(d340b883d70df1949bc0d4ae06b4dd5c) Importer(815301076,1909f56bfc062723c751e8b465ee728b)  -> (artifact id: 'ceb0dde73a4fb61d0979e88e90a0196d') in 0.018149 seconds 
  Import took 0.022245 seconds .

========================================================================
Received Prepare
Registering precompiled user dll's ...
Registered in 0.002742 seconds.
Begin MonoManager ReloadAssembly
Native extension for WindowsStandalone target not found
Native extension for OSXStandalone target not found
Refreshing native plugins compatible for Editor in 0.91 ms, found 2 plugins.
Preloading 0 native plugins for Editor in 0.00 ms.
Mono: successfully reloaded assembly
- Completed reload, in  0.866 seconds
Domain Reload Profiling:
	ReloadAssembly (866ms)
		BeginReloadAssembly (83ms)
			ExecutionOrderSort (0ms)
			DisableScriptedObjects (4ms)
			BackupInstance (0ms)
			ReleaseScriptingObjects (0ms)
			CreateAndSetChildDomain (27ms)
		EndReloadAssembly (743ms)
			LoadAssemblies (61ms)
			RebuildTransferFunctionScriptingTraits (0ms)
			SetupTypeCache (185ms)
			ReleaseScriptCaches (1ms)
			RebuildScriptCaches (27ms)
			SetupLoadedEditorAssemblies (409ms)
				LogAssemblyErrors (0ms)
				InitializePlatformSupportModulesInManaged (4ms)
				SetLoadedEditorAssemblies (0ms)
				RefreshPlugins (1ms)
				BeforeProcessingInitializeOnLoad (68ms)
				ProcessInitializeOnLoadAttributes (328ms)
				ProcessInitializeOnLoadMethodAttributes (5ms)
				AfterProcessingInitializeOnLoad (2ms)
				EditorAssembliesLoaded (0ms)
			ExecutionOrderSort2 (0ms)
			AwakeInstancesAfterBackupRestoration (5ms)
Platform modules already initialized, skipping
Refreshing native plugins compatible for Editor in 0.91 ms, found 2 plugins.
Preloading 0 native plugins for Editor in 0.00 ms.
Unloading 1601 Unused Serialized files (Serialized files now loaded: 0)
System memory in use before: 159.6 MB.
System memory in use after: 159.7 MB.

Unloading 14 unused Assets to reduce memory usage. Loaded Objects now: 2117.
Total: 2.518100 ms (FindLiveObjects: 0.168000 ms CreateObjectMapping: 0.038300 ms MarkObjects: 2.289800 ms  DeleteObjects: 0.021200 ms)

AssetImportParameters requested are different than current active one (requested -> active):
  custom:framework-win-MediaFoundation: 216162199b28c13a410421893ffa2e32 -> 
  custom:video-decoder-ogg-theora: a1e56fd34408186e4bbccfd4996cb3dc -> 
  custom:container-muxer-webm: aa71ff27fc2769a1b78a27578f13a17b -> 
  custom:container-demuxer-webm: 4f35f7cbe854078d1ac9338744f61a02 -> 
  custom:container-demuxer-ogg: 62fdf1f143b41e24485cea50d1cbac27 -> 
  custom:video-encoder-webm-vp8: eb34c28f22e8b96e1ab97ce403110664 -> 
  custom:video-codec-MediaFoundation-h265: 746d11721c4dcdbdad8f713fa42b33f4 -> 
  custom:video-decoder-webm-vp8: 9c59270c3fd7afecdb556c50c9e8de78 -> 
  custom:audio-decoder-ogg-vorbis: bf7c407c2cedff20999df2af8eb42d56 -> 
  custom:audio-encoder-webm-vorbis: bf7c407c2cedff20999df2af8eb42d56 -> 
========================================================================
Received Prepare
Registering precompiled user dll's ...
Registered in 0.002829 seconds.
Begin MonoManager ReloadAssembly
Native extension for WindowsStandalone target not found
Native extension for OSXStandalone target not found
Refreshing native plugins compatible for Editor in 0.92 ms, found 2 plugins.
Preloading 0 native plugins for Editor in 0.00 ms.
Mono: successfully reloaded assembly
- Completed reload, in  0.857 seconds
Domain Reload Profiling:
	ReloadAssembly (857ms)
		BeginReloadAssembly (91ms)
			ExecutionOrderSort (0ms)
			DisableScriptedObjects (4ms)
			BackupInstance (0ms)
			ReleaseScriptingObjects (0ms)
			CreateAndSetChildDomain (25ms)
		EndReloadAssembly (725ms)
			LoadAssemblies (58ms)
			RebuildTransferFunctionScriptingTraits (0ms)
			SetupTypeCache (175ms)
			ReleaseScriptCaches (1ms)
			RebuildScriptCaches (27ms)
			SetupLoadedEditorAssemblies (401ms)
				LogAssemblyErrors (0ms)
				InitializePlatformSupportModulesInManaged (5ms)
				SetLoadedEditorAssemblies (0ms)
				RefreshPlugins (1ms)
				BeforeProcessingInitializeOnLoad (64ms)
				ProcessInitializeOnLoadAttributes (324ms)
				ProcessInitializeOnLoadMethodAttributes (5ms)
				AfterProcessingInitializeOnLoad (2ms)
				EditorAssembliesLoaded (0ms)
			ExecutionOrderSort2 (0ms)
			AwakeInstancesAfterBackupRestoration (5ms)
Platform modules already initialized, skipping
Refreshing native plugins compatible for Editor in 0.91 ms, found 2 plugins.
Preloading 0 native plugins for Editor in 0.00 ms.
Unloading 1601 Unused Serialized files (Serialized files now loaded: 0)
System memory in use before: 159.6 MB.
System memory in use after: 159.7 MB.

Unloading 13 unused Assets to reduce memory usage. Loaded Objects now: 2120.
Total: 2.591200 ms (FindLiveObjects: 0.141400 ms CreateObjectMapping: 0.042100 ms MarkObjects: 2.390900 ms  DeleteObjects: 0.015900 ms)

AssetImportParameters requested are different than current active one (requested -> active):
  custom:framework-win-MediaFoundation: 216162199b28c13a410421893ffa2e32 -> 
  custom:video-decoder-ogg-theora: a1e56fd34408186e4bbccfd4996cb3dc -> 
  custom:container-muxer-webm: aa71ff27fc2769a1b78a27578f13a17b -> 
  custom:container-demuxer-webm: 4f35f7cbe854078d1ac9338744f61a02 -> 
  custom:container-demuxer-ogg: 62fdf1f143b41e24485cea50d1cbac27 -> 
  custom:video-encoder-webm-vp8: eb34c28f22e8b96e1ab97ce403110664 -> 
  custom:video-codec-MediaFoundation-h265: 746d11721c4dcdbdad8f713fa42b33f4 -> 
  custom:video-decoder-webm-vp8: 9c59270c3fd7afecdb556c50c9e8de78 -> 
  custom:audio-decoder-ogg-vorbis: bf7c407c2cedff20999df2af8eb42d56 -> 
  custom:audio-encoder-webm-vorbis: bf7c407c2cedff20999df2af8eb42d56 -> 
========================================================================
Received Import Request.
  Time since last request: 662.072443 seconds.
  path: Assets/干员模型/a原版干员/克洛斯-原版.asset
  artifactKey: Guid(aae7452845d95c04db771d47702e91f7) Importer(815301076,1909f56bfc062723c751e8b465ee728b)
Start importing Assets/干员模型/a原版干员/克洛斯-原版.asset using Guid(aae7452845d95c04db771d47702e91f7) Importer(815301076,1909f56bfc062723c751e8b465ee728b)  -> (artifact id: 'a80e2a55cab984b1df71f26a2a11f37e') in 0.048738 seconds 
  Import took 0.053336 seconds .

AssetImportWorkerClient::OnTransportError - code=2 error=End of file
